Command line:
   DispCtrlTB_isim_beh.exe
     -simmode  gui
     -simrunnum  0
     -socket  61221

Wed Nov 30 05:32:37 2016


 Elaboration Time: 0.03125 sec

 Current Memory Usage: 357.335 Meg

 Total Signals          : 19
 Total Nets             : 39
 Total Signal Drivers   : 15
 Total Blocks           : 3
 Total Primitive Blocks : 2
 Total Processes        : 24
 Total Traceable Variables  : 29
 Total Scalar Nets and Variables : 160
Total Line Count : 120

 Total Simulation Time: 0.046875 sec

 Current Memory Usage: 357.335 Meg

Wed Nov 30 05:32:42 2016

